[backblue.gif]
[fade.gif]
[index.html]
[papi.cash/asset/js/about-us.js]
[papi.cash/asset/image/Favicon.png]
[papi.cash/asset/image/Webclip.png]
[www.googletagmanager.com/gtag/js5e69]
[www.facebook.com/tr31cc]
[papi.cash/asset/js/jquery.min.js]
[papi.cash/main.png]
[papi.cash/asset/image/Phone_sml.png]
[papi.cash/asset/image/logo/rounds.png]
[papi.cash/asset/image/Homepage shapes.png]
[papi.cash/asset/image/Phone Shadow.jpg]
[papi.cash/index.html]
[papi.cash/asset/css/webflow.fe0eb3982.min.css]
[uploads-ssl.webflow.com/622667ce4130814b6ddb0d75/622667ce41308126f3db0d85_video_cover.png]
[papi.cash/ZealAnimator-v2.0.min.css]
[fonts.googleapis.com/index.html]
[fonts.gstatic.com/index.html]
[www.facebook.com/tra31d]
[www.googletagmanager.com/gtm5445.html]
[papi.cash/asset/css/plyr.css]
[www.googletagmanager.com/ns0441.html]
[papi.cash/asset/image/hero.png]
[papi.cash/asset/image/header/people.png]
[papi.cash/index-2.html]
[papi.cash/asset/image/header/people2.png]
[papi.cash/asset/image/header/sun.png]
[papi.cash/rocket.png]
[papi.cash/asset/image/header/Spaceship_cloud_01.png]
[papi.cash/asset/image/header/group.png]
[papi.cash/asset/image/header/redstar.png]
[papi.cash/asset/image/logo/logo.png]
[papi.cash/asset/js/jquery-3.5.1.min.js]
[uploads-ssl.webflow.com/622667ce4130814b6ddb0d75/js/webflow.aab9ef7fd.js]
[papi.cash/asset/js/gsap.min.js]
[papi.cash/asset/js/ScrollTrigger.min.js]
[cdn.plyr.io/3.6.3/plyr.js]
[papi.cash/asset/image/svg/bubble.svg]
[papi.cash/asset/image/svg/whiteburger.svg]
[papi.cash/asset/image/svg/blueburger.svg]
[m.mexc.com/trade/spot-kline]
